{"/Users/emiliogonzales/Desktop/Epicodus/galactic-age/src/galactic.js": {"path":"/Users/emiliogonzales/Desktop/Epicodus/galactic-age/src/galactic.js","statementMap":{"0":{"start":{"line":3,"column":4},"end":{"line":3,"column":29}},"1":{"start":{"line":4,"column":4},"end":{"line":4,"column":21}},"2":{"start":{"line":5,"column":4},"end":{"line":5,"column":23}},"3":{"start":{"line":6,"column":4},"end":{"line":6,"column":21}},"4":{"start":{"line":7,"column":4},"end":{"line":7,"column":20}},"5":{"start":{"line":8,"column":4},"end":{"line":8,"column":23}},"6":{"start":{"line":12,"column":4},"end":{"line":22,"column":5}},"7":{"start":{"line":13,"column":6},"end":{"line":13,"column":33}},"8":{"start":{"line":14,"column":11},"end":{"line":22,"column":5}},"9":{"start":{"line":15,"column":6},"end":{"line":15,"column":31}},"10":{"start":{"line":16,"column":11},"end":{"line":22,"column":5}},"11":{"start":{"line":17,"column":6},"end":{"line":17,"column":30}},"12":{"start":{"line":18,"column":11},"end":{"line":22,"column":5}},"13":{"start":{"line":19,"column":6},"end":{"line":19,"column":34}},"14":{"start":{"line":21,"column":6},"end":{"line":21,"column":19}},"15":{"start":{"line":26,"column":4},"end":{"line":36,"column":5}},"16":{"start":{"line":27,"column":6},"end":{"line":27,"column":40}},"17":{"start":{"line":28,"column":11},"end":{"line":36,"column":5}},"18":{"start":{"line":29,"column":6},"end":{"line":29,"column":40}},"19":{"start":{"line":30,"column":11},"end":{"line":36,"column":5}},"20":{"start":{"line":31,"column":6},"end":{"line":31,"column":40}},"21":{"start":{"line":32,"column":11},"end":{"line":36,"column":5}},"22":{"start":{"line":33,"column":6},"end":{"line":33,"column":41}},"23":{"start":{"line":35,"column":6},"end":{"line":35,"column":19}},"24":{"start":{"line":40,"column":4},"end":{"line":66,"column":5}},"25":{"start":{"line":41,"column":6},"end":{"line":45,"column":7}},"26":{"start":{"line":42,"column":8},"end":{"line":42,"column":64}},"27":{"start":{"line":44,"column":8},"end":{"line":44,"column":71}},"28":{"start":{"line":46,"column":11},"end":{"line":66,"column":5}},"29":{"start":{"line":47,"column":6},"end":{"line":51,"column":7}},"30":{"start":{"line":48,"column":8},"end":{"line":48,"column":64}},"31":{"start":{"line":50,"column":8},"end":{"line":50,"column":71}},"32":{"start":{"line":52,"column":11},"end":{"line":66,"column":5}},"33":{"start":{"line":53,"column":6},"end":{"line":57,"column":7}},"34":{"start":{"line":54,"column":8},"end":{"line":54,"column":64}},"35":{"start":{"line":56,"column":8},"end":{"line":56,"column":71}},"36":{"start":{"line":58,"column":11},"end":{"line":66,"column":5}},"37":{"start":{"line":59,"column":6},"end":{"line":63,"column":7}},"38":{"start":{"line":60,"column":8},"end":{"line":60,"column":64}},"39":{"start":{"line":62,"column":8},"end":{"line":62,"column":71}},"40":{"start":{"line":65,"column":6},"end":{"line":65,"column":19}}},"fnMap":{"0":{"name":"(anonymous_0)","decl":{"start":{"line":2,"column":2},"end":{"line":2,"column":3}},"loc":{"start":{"line":2,"column":19},"end":{"line":9,"column":3}},"line":2},"1":{"name":"(anonymous_1)","decl":{"start":{"line":11,"column":2},"end":{"line":11,"column":3}},"loc":{"start":{"line":11,"column":15},"end":{"line":23,"column":3}},"line":11},"2":{"name":"(anonymous_2)","decl":{"start":{"line":25,"column":2},"end":{"line":25,"column":3}},"loc":{"start":{"line":25,"column":14},"end":{"line":37,"column":3}},"line":25},"3":{"name":"(anonymous_3)","decl":{"start":{"line":39,"column":2},"end":{"line":39,"column":3}},"loc":{"start":{"line":39,"column":14},"end":{"line":67,"column":3}},"line":39}},"branchMap":{"0":{"loc":{"start":{"line":12,"column":4},"end":{"line":22,"column":5}},"type":"if","locations":[{"start":{"line":12,"column":4},"end":{"line":22,"column":5}},{"start":{"line":12,"column":4},"end":{"line":22,"column":5}}],"line":12},"1":{"loc":{"start":{"line":14,"column":11},"end":{"line":22,"column":5}},"type":"if","locations":[{"start":{"line":14,"column":11},"end":{"line":22,"column":5}},{"start":{"line":14,"column":11},"end":{"line":22,"column":5}}],"line":14},"2":{"loc":{"start":{"line":16,"column":11},"end":{"line":22,"column":5}},"type":"if","locations":[{"start":{"line":16,"column":11},"end":{"line":22,"column":5}},{"start":{"line":16,"column":11},"end":{"line":22,"column":5}}],"line":16},"3":{"loc":{"start":{"line":18,"column":11},"end":{"line":22,"column":5}},"type":"if","locations":[{"start":{"line":18,"column":11},"end":{"line":22,"column":5}},{"start":{"line":18,"column":11},"end":{"line":22,"column":5}}],"line":18},"4":{"loc":{"start":{"line":26,"column":4},"end":{"line":36,"column":5}},"type":"if","locations":[{"start":{"line":26,"column":4},"end":{"line":36,"column":5}},{"start":{"line":26,"column":4},"end":{"line":36,"column":5}}],"line":26},"5":{"loc":{"start":{"line":28,"column":11},"end":{"line":36,"column":5}},"type":"if","locations":[{"start":{"line":28,"column":11},"end":{"line":36,"column":5}},{"start":{"line":28,"column":11},"end":{"line":36,"column":5}}],"line":28},"6":{"loc":{"start":{"line":30,"column":11},"end":{"line":36,"column":5}},"type":"if","locations":[{"start":{"line":30,"column":11},"end":{"line":36,"column":5}},{"start":{"line":30,"column":11},"end":{"line":36,"column":5}}],"line":30},"7":{"loc":{"start":{"line":32,"column":11},"end":{"line":36,"column":5}},"type":"if","locations":[{"start":{"line":32,"column":11},"end":{"line":36,"column":5}},{"start":{"line":32,"column":11},"end":{"line":36,"column":5}}],"line":32},"8":{"loc":{"start":{"line":40,"column":4},"end":{"line":66,"column":5}},"type":"if","locations":[{"start":{"line":40,"column":4},"end":{"line":66,"column":5}},{"start":{"line":40,"column":4},"end":{"line":66,"column":5}}],"line":40},"9":{"loc":{"start":{"line":41,"column":6},"end":{"line":45,"column":7}},"type":"if","locations":[{"start":{"line":41,"column":6},"end":{"line":45,"column":7}},{"start":{"line":41,"column":6},"end":{"line":45,"column":7}}],"line":41},"10":{"loc":{"start":{"line":46,"column":11},"end":{"line":66,"column":5}},"type":"if","locations":[{"start":{"line":46,"column":11},"end":{"line":66,"column":5}},{"start":{"line":46,"column":11},"end":{"line":66,"column":5}}],"line":46},"11":{"loc":{"start":{"line":47,"column":6},"end":{"line":51,"column":7}},"type":"if","locations":[{"start":{"line":47,"column":6},"end":{"line":51,"column":7}},{"start":{"line":47,"column":6},"end":{"line":51,"column":7}}],"line":47},"12":{"loc":{"start":{"line":52,"column":11},"end":{"line":66,"column":5}},"type":"if","locations":[{"start":{"line":52,"column":11},"end":{"line":66,"column":5}},{"start":{"line":52,"column":11},"end":{"line":66,"column":5}}],"line":52},"13":{"loc":{"start":{"line":53,"column":6},"end":{"line":57,"column":7}},"type":"if","locations":[{"start":{"line":53,"column":6},"end":{"line":57,"column":7}},{"start":{"line":53,"column":6},"end":{"line":57,"column":7}}],"line":53},"14":{"loc":{"start":{"line":58,"column":11},"end":{"line":66,"column":5}},"type":"if","locations":[{"start":{"line":58,"column":11},"end":{"line":66,"column":5}},{"start":{"line":58,"column":11},"end":{"line":66,"column":5}}],"line":58},"15":{"loc":{"start":{"line":59,"column":6},"end":{"line":63,"column":7}},"type":"if","locations":[{"start":{"line":59,"column":6},"end":{"line":63,"column":7}},{"start":{"line":59,"column":6},"end":{"line":63,"column":7}}],"line":59}},"s":{"0":2,"1":2,"2":2,"3":2,"4":2,"5":2,"6":21,"7":5,"8":16,"9":5,"10":11,"11":5,"12":6,"13":5,"14":1,"15":21,"16":5,"17":16,"18":5,"19":11,"20":5,"21":6,"22":5,"23":1,"24":9,"25":2,"26":1,"27":1,"28":7,"29":2,"30":1,"31":1,"32":5,"33":2,"34":1,"35":1,"36":3,"37":2,"38":1,"39":1,"40":1},"f":{"0":2,"1":21,"2":21,"3":9},"b":{"0":[5,16],"1":[5,11],"2":[5,6],"3":[5,1],"4":[5,16],"5":[5,11],"6":[5,6],"7":[5,1],"8":[2,7],"9":[1,1],"10":[2,5],"11":[1,1],"12":[2,3],"13":[1,1],"14":[2,1],"15":[1,1]},"_coverageSchema":"43e27e138ebf9cfc5966b082cf9a028302ed4184","hash":"f04d3eeb7da49e953ef94f8f35fa3e04fd97d1b2"}
}
