TN:
SF:/Users/emiliogonzales/Desktop/Epicodus/galactic-age/src/galactic.js
FN:2,(anonymous_0)
FN:11,(anonymous_1)
FN:25,(anonymous_2)
FN:38,(anonymous_3)
FN:47,(anonymous_4)
FN:56,(anonymous_5)
FN:65,(anonymous_6)
FNF:7
FNH:3
FNDA:1,(anonymous_0)
FNDA:4,(anonymous_1)
FNDA:5,(anonymous_2)
FNDA:0,(anonymous_3)
FNDA:0,(anonymous_4)
FNDA:0,(anonymous_5)
FNDA:0,(anonymous_6)
DA:3,1
DA:4,1
DA:5,1
DA:6,1
DA:7,1
DA:8,1
DA:12,4
DA:13,1
DA:14,3
DA:15,1
DA:16,2
DA:17,1
DA:18,1
DA:19,1
DA:21,0
DA:26,5
DA:27,1
DA:28,4
DA:29,1
DA:30,3
DA:31,1
DA:32,2
DA:33,2
DA:35,0
DA:39,0
DA:40,0
DA:48,0
DA:49,0
DA:50,0
DA:51,0
DA:53,0
DA:57,0
DA:58,0
DA:59,0
DA:60,0
DA:62,0
DA:66,0
DA:67,0
DA:68,0
DA:69,0
DA:71,0
LF:41
LH:22
BRDA:12,0,0,1
BRDA:12,0,1,3
BRDA:14,1,0,1
BRDA:14,1,1,2
BRDA:16,2,0,1
BRDA:16,2,1,1
BRDA:18,3,0,1
BRDA:18,3,1,0
BRDA:26,4,0,1
BRDA:26,4,1,4
BRDA:28,5,0,1
BRDA:28,5,1,3
BRDA:30,6,0,1
BRDA:30,6,1,2
BRDA:32,7,0,2
BRDA:32,7,1,0
BRDA:50,8,0,0
BRDA:50,8,1,0
BRDA:59,9,0,0
BRDA:59,9,1,0
BRDA:68,10,0,0
BRDA:68,10,1,0
BRF:22
BRH:14
end_of_record
